Assembler report for reset_circuit
Sun Apr  9 16:42:01 2017
Quartus Prime Version 16.0.0 Build 211 04/27/2016 SJ Standard Edition


---------------------
; Table of Contents ;
---------------------
  1. Legal Notice
  2. Assembler Summary
  3. Assembler Settings
  4. Assembler Generated Files
  5. Assembler Device Options: reset_circuit.sof
  6. Assembler Messages



----------------
; Legal Notice ;
----------------
Copyright (C) 1991-2016 Altera Corporation. All rights reserved.
Your use of Altera Corporation's design tools, logic functions 
and other software and tools, and its AMPP partner logic 
functions, and any output files from any of the foregoing 
(including device programming or simulation files), and any 
associated documentation or information are expressly subject 
to the terms and conditions of the Altera Program License 
Subscription Agreement, the Altera Quartus Prime License Agreement,
the Altera MegaCore Function License Agreement, or other 
applicable license agreement, including, without limitation, 
that your use is for the sole purpose of programming logic 
devices manufactured by Altera and sold by Altera or its 
authorized distributors.  Please refer to the applicable 
agreement for further details.



+---------------------------------------------------------------+
; Assembler Summary                                             ;
+-----------------------+---------------------------------------+
; Assembler Status      ; Successful - Sun Apr  9 16:42:01 2017 ;
; Revision Name         ; reset_circuit                         ;
; Top-level Entity Name ; reset_circuit                         ;
; Family                ; Cyclone IV E                          ;
; Device                ; EP4CE6E22C6                           ;
+-----------------------+---------------------------------------+


+----------------------------------+
; Assembler Settings               ;
+--------+---------+---------------+
; Option ; Setting ; Default Value ;
+--------+---------+---------------+


+---------------------------+
; Assembler Generated Files ;
+---------------------------+
; File Name                 ;
+---------------------------+
; reset_circuit.sof         ;
+---------------------------+


+---------------------------------------------+
; Assembler Device Options: reset_circuit.sof ;
+----------------+----------------------------+
; Option         ; Setting                    ;
+----------------+----------------------------+
; Device         ; EP4CE6E22C6                ;
; JTAG usercode  ; 0x0009C672                 ;
; Checksum       ; 0x0009C672                 ;
+----------------+----------------------------+


+--------------------+
; Assembler Messages ;
+--------------------+
Info: *******************************************************************
Info: Running Quartus Prime Assembler
    Info: Version 16.0.0 Build 211 04/27/2016 SJ Standard Edition
    Info: Processing started: Sun Apr  9 16:42:00 2017
Info: Command: quartus_asm --read_settings_files=off --write_settings_files=off reset_circuit -c reset_circuit
Warning (18236): Number of processors has not been specified which may cause overloading on shared machines.  Set the global assignment NUM_PARALLEL_PROCESSORS in your QSF to an appropriate value for best performance.
Info (115031): Writing out detailed assembly data for power analysis
Info (115030): Assembler is generating device programming files
Info: Quartus Prime Assembler was successful. 0 errors, 1 warning
    Info: Peak virtual memory: 1149 megabytes
    Info: Processing ended: Sun Apr  9 16:42:01 2017
    Info: Elapsed time: 00:00:01
    Info: Total CPU time (on all processors): 00:00:01


