Analysis & Synthesis report for control
Thu Mar 21 16:24:01 2019
Quartus Prime Version 16.0.0 Build 211 04/27/2016 SJ Standard Edition


---------------------
; Table of Contents ;
---------------------
  1. Legal Notice
  2. Analysis & Synthesis Summary
  3. Analysis & Synthesis Settings
  4. Parallel Compilation
  5. Analysis & Synthesis Source Files Read
  6. Analysis & Synthesis Resource Usage Summary
  7. Analysis & Synthesis Resource Utilization by Entity
  8. State Machine - |control|present_state
  9. User-Specified and Inferred Latches
 10. General Register Statistics
 11. Multiplexer Restructuring Statistics (Restructuring Performed)
 12. Post-Synthesis Netlist Statistics for Top Partition
 13. Elapsed Time Per Partition
 14. Analysis & Synthesis Messages



----------------
; Legal Notice ;
----------------
Copyright (C) 1991-2016 Altera Corporation. All rights reserved.
Your use of Altera Corporation's design tools, logic functions 
and other software and tools, and its AMPP partner logic 
functions, and any output files from any of the foregoing 
(including device programming or simulation files), and any 
associated documentation or information are expressly subject 
to the terms and conditions of the Altera Program License 
Subscription Agreement, the Altera Quartus Prime License Agreement,
the Altera MegaCore Function License Agreement, or other 
applicable license agreement, including, without limitation, 
that your use is for the sole purpose of programming logic 
devices manufactured by Altera and sold by Altera or its 
authorized distributors.  Please refer to the applicable 
agreement for further details.



+--------------------------------------------------------------------------------------+
; Analysis & Synthesis Summary                                                         ;
+------------------------------------+-------------------------------------------------+
; Analysis & Synthesis Status        ; Successful - Thu Mar 21 16:24:01 2019           ;
; Quartus Prime Version              ; 16.0.0 Build 211 04/27/2016 SJ Standard Edition ;
; Revision Name                      ; control                                         ;
; Top-level Entity Name              ; control                                         ;
; Family                             ; Cyclone IV E                                    ;
; Total logic elements               ; 100                                             ;
;     Total combinational functions  ; 97                                              ;
;     Dedicated logic registers      ; 8                                               ;
; Total registers                    ; 8                                               ;
; Total pins                         ; 64                                              ;
; Total virtual pins                 ; 0                                               ;
; Total memory bits                  ; 0                                               ;
; Embedded Multiplier 9-bit elements ; 0                                               ;
; Total PLLs                         ; 0                                               ;
+------------------------------------+-------------------------------------------------+


+----------------------------------------------------------------------------------------------------------------------+
; Analysis & Synthesis Settings                                                                                        ;
+----------------------------------------------------------------------------+--------------------+--------------------+
; Option                                                                     ; Setting            ; Default Value      ;
+----------------------------------------------------------------------------+--------------------+--------------------+
; Device                                                                     ; EP4CE115F29C7      ;                    ;
; Top-level entity name                                                      ; control            ; control            ;
; Family name                                                                ; Cyclone IV E       ; Cyclone V          ;
; Use smart compilation                                                      ; Off                ; Off                ;
; Enable parallel Assembler and TimeQuest Timing Analyzer during compilation ; On                 ; On                 ;
; Enable compact report table                                                ; Off                ; Off                ;
; Restructure Multiplexers                                                   ; Auto               ; Auto               ;
; Create Debugging Nodes for IP Cores                                        ; Off                ; Off                ;
; Preserve fewer node names                                                  ; On                 ; On                 ;
; Disable OpenCore Plus hardware evaluation                                  ; Off                ; Off                ;
; Verilog Version                                                            ; Verilog_2001       ; Verilog_2001       ;
; VHDL Version                                                               ; VHDL_1993          ; VHDL_1993          ;
; State Machine Processing                                                   ; Auto               ; Auto               ;
; Safe State Machine                                                         ; Off                ; Off                ;
; Extract Verilog State Machines                                             ; On                 ; On                 ;
; Extract VHDL State Machines                                                ; On                 ; On                 ;
; Ignore Verilog initial constructs                                          ; Off                ; Off                ;
; Iteration limit for constant Verilog loops                                 ; 5000               ; 5000               ;
; Iteration limit for non-constant Verilog loops                             ; 250                ; 250                ;
; Add Pass-Through Logic to Inferred RAMs                                    ; On                 ; On                 ;
; Infer RAMs from Raw Logic                                                  ; On                 ; On                 ;
; Parallel Synthesis                                                         ; On                 ; On                 ;
; DSP Block Balancing                                                        ; Auto               ; Auto               ;
; NOT Gate Push-Back                                                         ; On                 ; On                 ;
; Power-Up Don't Care                                                        ; On                 ; On                 ;
; Remove Redundant Logic Cells                                               ; Off                ; Off                ;
; Remove Duplicate Registers                                                 ; On                 ; On                 ;
; Ignore CARRY Buffers                                                       ; Off                ; Off                ;
; Ignore CASCADE Buffers                                                     ; Off                ; Off                ;
; Ignore GLOBAL Buffers                                                      ; Off                ; Off                ;
; Ignore ROW GLOBAL Buffers                                                  ; Off                ; Off                ;
; Ignore LCELL Buffers                                                       ; Off                ; Off                ;
; Ignore SOFT Buffers                                                        ; On                 ; On                 ;
; Limit AHDL Integers to 32 Bits                                             ; Off                ; Off                ;
; Optimization Technique                                                     ; Balanced           ; Balanced           ;
; Carry Chain Length                                                         ; 70                 ; 70                 ;
; Auto Carry Chains                                                          ; On                 ; On                 ;
; Auto Open-Drain Pins                                                       ; On                 ; On                 ;
; Perform WYSIWYG Primitive Resynthesis                                      ; Off                ; Off                ;
; Auto ROM Replacement                                                       ; On                 ; On                 ;
; Auto RAM Replacement                                                       ; On                 ; On                 ;
; Auto DSP Block Replacement                                                 ; On                 ; On                 ;
; Auto Shift Register Replacement                                            ; Auto               ; Auto               ;
; Allow Shift Register Merging across Hierarchies                            ; Auto               ; Auto               ;
; Auto Clock Enable Replacement                                              ; On                 ; On                 ;
; Strict RAM Replacement                                                     ; Off                ; Off                ;
; Allow Synchronous Control Signals                                          ; On                 ; On                 ;
; Force Use of Synchronous Clear Signals                                     ; Off                ; Off                ;
; Auto RAM Block Balancing                                                   ; On                 ; On                 ;
; Auto RAM to Logic Cell Conversion                                          ; Off                ; Off                ;
; Auto Resource Sharing                                                      ; Off                ; Off                ;
; Allow Any RAM Size For Recognition                                         ; Off                ; Off                ;
; Allow Any ROM Size For Recognition                                         ; Off                ; Off                ;
; Allow Any Shift Register Size For Recognition                              ; Off                ; Off                ;
; Use LogicLock Constraints during Resource Balancing                        ; On                 ; On                 ;
; Ignore translate_off and synthesis_off directives                          ; Off                ; Off                ;
; Timing-Driven Synthesis                                                    ; On                 ; On                 ;
; Report Parameter Settings                                                  ; On                 ; On                 ;
; Report Source Assignments                                                  ; On                 ; On                 ;
; Report Connectivity Checks                                                 ; On                 ; On                 ;
; Ignore Maximum Fan-Out Assignments                                         ; Off                ; Off                ;
; Synchronization Register Chain Length                                      ; 2                  ; 2                  ;
; PowerPlay Power Optimization During Synthesis                              ; Normal compilation ; Normal compilation ;
; HDL message level                                                          ; Level2             ; Level2             ;
; Suppress Register Optimization Related Messages                            ; Off                ; Off                ;
; Number of Removed Registers Reported in Synthesis Report                   ; 5000               ; 5000               ;
; Number of Swept Nodes Reported in Synthesis Report                         ; 5000               ; 5000               ;
; Number of Inverted Registers Reported in Synthesis Report                  ; 100                ; 100                ;
; Clock MUX Protection                                                       ; On                 ; On                 ;
; Auto Gated Clock Conversion                                                ; Off                ; Off                ;
; Block Design Naming                                                        ; Auto               ; Auto               ;
; SDC constraint protection                                                  ; Off                ; Off                ;
; Synthesis Effort                                                           ; Auto               ; Auto               ;
; Shift Register Replacement - Allow Asynchronous Clear Signal               ; On                 ; On                 ;
; Pre-Mapping Resynthesis Optimization                                       ; Off                ; Off                ;
; Analysis & Synthesis Message Level                                         ; Medium             ; Medium             ;
; Disable Register Merging Across Hierarchies                                ; Auto               ; Auto               ;
; Resource Aware Inference For Block RAM                                     ; On                 ; On                 ;
; Synthesis Seed                                                             ; 1                  ; 1                  ;
+----------------------------------------------------------------------------+--------------------+--------------------+


+------------------------------------------+
; Parallel Compilation                     ;
+----------------------------+-------------+
; Processors                 ; Number      ;
+----------------------------+-------------+
; Number detected on machine ; 8           ;
; Maximum allowed            ; 4           ;
;                            ;             ;
; Average used               ; 1.00        ;
; Maximum used               ; 4           ;
;                            ;             ;
; Usage by Processor         ; % Time Used ;
;     Processor 1            ; 100.0%      ;
;     Processor 2            ;   0.0%      ;
;     Processors 3-4         ;   0.0%      ;
+----------------------------+-------------+


+----------------------------------------------------------------------------------------------------------------------------------+
; Analysis & Synthesis Source Files Read                                                                                           ;
+----------------------------------+-----------------+-----------------+-------------------------------------------------+---------+
; File Name with User-Entered Path ; Used in Netlist ; File Type       ; File Name with Absolute Path                    ; Library ;
+----------------------------------+-----------------+-----------------+-------------------------------------------------+---------+
; control.vhd                      ; yes             ; User VHDL File  ; /home/student1/vshreeka/coe608/lab5/control.vhd ;         ;
+----------------------------------+-----------------+-----------------+-------------------------------------------------+---------+


+------------------------------------------------------------+
; Analysis & Synthesis Resource Usage Summary                ;
+---------------------------------------------+--------------+
; Resource                                    ; Usage        ;
+---------------------------------------------+--------------+
; Estimated Total logic elements              ; 100          ;
;                                             ;              ;
; Total combinational functions               ; 97           ;
; Logic element usage by number of LUT inputs ;              ;
;     -- 4 input functions                    ; 59           ;
;     -- 3 input functions                    ; 20           ;
;     -- <=2 input functions                  ; 18           ;
;                                             ;              ;
; Logic elements by mode                      ;              ;
;     -- normal mode                          ; 97           ;
;     -- arithmetic mode                      ; 0            ;
;                                             ;              ;
; Total registers                             ; 8            ;
;     -- Dedicated logic registers            ; 8            ;
;     -- I/O registers                        ; 0            ;
;                                             ;              ;
; I/O pins                                    ; 64           ;
;                                             ;              ;
; Embedded Multiplier 9-bit elements          ; 0            ;
;                                             ;              ;
; Maximum fan-out node                        ; enable~input ;
; Maximum fan-out                             ; 18           ;
; Total fan-out                               ; 441          ;
; Average fan-out                             ; 1.89         ;
+---------------------------------------------+--------------+


+-------------------------------------------------------------------------------------------------------------------------------------------------------------------------------------------+
; Analysis & Synthesis Resource Utilization by Entity                                                                                                                                       ;
+----------------------------+-------------------+--------------+-------------+--------------+---------+-----------+------+--------------+---------------------+-------------+--------------+
; Compilation Hierarchy Node ; LC Combinationals ; LC Registers ; Memory Bits ; DSP Elements ; DSP 9x9 ; DSP 18x18 ; Pins ; Virtual Pins ; Full Hierarchy Name ; Entity Name ; Library Name ;
+----------------------------+-------------------+--------------+-------------+--------------+---------+-----------+------+--------------+---------------------+-------------+--------------+
; |control                   ; 97 (97)           ; 8 (8)        ; 0           ; 0            ; 0       ; 0         ; 64   ; 0            ; |control            ; control     ; work         ;
+----------------------------+-------------------+--------------+-------------+--------------+---------+-----------+------+--------------+---------------------+-------------+--------------+
Note: For table entries with two numbers listed, the numbers in parentheses indicate the number of resources of the given type used by the specific entity alone. The numbers listed outside of parentheses indicate the total resources of the given type used by the specific entity and all of its sub-entities in the hierarchy.


Encoding Type:  One-Hot
+-----------------------------------------------------------------------------------------------+
; State Machine - |control|present_state                                                        ;
+-----------------------+-----------------------+-----------------------+-----------------------+
; Name                  ; present_state.state_2 ; present_state.state_1 ; present_state.state_0 ;
+-----------------------+-----------------------+-----------------------+-----------------------+
; present_state.state_0 ; 0                     ; 0                     ; 0                     ;
; present_state.state_1 ; 0                     ; 1                     ; 1                     ;
; present_state.state_2 ; 1                     ; 0                     ; 1                     ;
+-----------------------+-----------------------+-----------------------+-----------------------+


+----------------------------------------------------------------------------------------------------+
; User-Specified and Inferred Latches                                                                ;
+-----------------------------------------------------+---------------------+------------------------+
; Latch Name                                          ; Latch Enable Signal ; Free of Timing Hazards ;
+-----------------------------------------------------+---------------------+------------------------+
; PC_Mux$latch                                        ; PC_Mux              ; yes                    ;
; IM_MUX1$latch                                       ; PC_Mux              ; yes                    ;
; REG_Mux$latch                                       ; Selector7           ; yes                    ;
; IM_MUX2[0]$latch                                    ; PC_Mux              ; yes                    ;
; IM_MUX2[1]$latch                                    ; PC_Mux              ; yes                    ;
; DATA_Mux[0]$latch                                   ; Selector7           ; yes                    ;
; DATA_Mux[1]$latch                                   ; PC_Mux              ; no                     ;
; ALU_op[0]$latch                                     ; PC_Mux              ; yes                    ;
; ALU_op[1]$latch                                     ; PC_Mux              ; no                     ;
; ALU_op[2]$latch                                     ; PC_Mux              ; yes                    ;
; ld_IR$latch                                         ; Selector7           ; yes                    ;
; clr_A$latch                                         ; PC_Mux              ; yes                    ;
; clr_B$latch                                         ; PC_Mux              ; no                     ;
; clr_C$latch                                         ; PC_Mux              ; yes                    ;
; clr_Z$latch                                         ; PC_Mux              ; yes                    ;
; ld_A$latch                                          ; Selector7           ; yes                    ;
; ld_B$latch                                          ; Selector7           ; yes                    ;
; ld_C$latch                                          ; ld_C                ; no                     ;
; ld_Z$latch                                          ; ld_C                ; no                     ;
; Number of user-specified and inferred latches = 19  ;                     ;                        ;
+-----------------------------------------------------+---------------------+------------------------+
Note: All latches listed above may not be present at the end of synthesis due to various synthesis optimizations.


+------------------------------------------------------+
; General Register Statistics                          ;
+----------------------------------------------+-------+
; Statistic                                    ; Value ;
+----------------------------------------------+-------+
; Total registers                              ; 8     ;
; Number of registers using Synchronous Clear  ; 0     ;
; Number of registers using Synchronous Load   ; 0     ;
; Number of registers using Asynchronous Clear ; 3     ;
; Number of registers using Asynchronous Load  ; 0     ;
; Number of registers using Clock Enable       ; 3     ;
; Number of registers using Preset             ; 0     ;
+----------------------------------------------+-------+


+------------------------------------------------------------------------------------------------------------------------------------------+
; Multiplexer Restructuring Statistics (Restructuring Performed)                                                                           ;
+--------------------+-----------+---------------+----------------------+------------------------+------------+----------------------------+
; Multiplexer Inputs ; Bus Width ; Baseline Area ; Area if Restructured ; Saving if Restructured ; Registered ; Example Multiplexer Output ;
+--------------------+-----------+---------------+----------------------+------------------------+------------+----------------------------+
; 3:1                ; 11 bits   ; 22 LEs        ; 22 LEs               ; 0 LEs                  ; No         ; |control|clr_Z             ;
; 3:1                ; 2 bits    ; 4 LEs         ; 4 LEs                ; 0 LEs                  ; No         ; |control|ld_C              ;
; 5:1                ; 3 bits    ; 9 LEs         ; 9 LEs                ; 0 LEs                  ; No         ; |control|ld_B              ;
+--------------------+-----------+---------------+----------------------+------------------------+------------+----------------------------+


+-----------------------------------------------------+
; Post-Synthesis Netlist Statistics for Top Partition ;
+-----------------------+-----------------------------+
; Type                  ; Count                       ;
+-----------------------+-----------------------------+
; boundary_port         ; 64                          ;
; cycloneiii_ff         ; 8                           ;
;     CLR               ; 3                           ;
;     ENA               ; 3                           ;
;     plain             ; 2                           ;
; cycloneiii_lcell_comb ; 98                          ;
;     normal            ; 98                          ;
;         0 data inputs ; 1                           ;
;         1 data inputs ; 3                           ;
;         2 data inputs ; 15                          ;
;         3 data inputs ; 20                          ;
;         4 data inputs ; 59                          ;
;                       ;                             ;
; Max LUT depth         ; 5.00                        ;
; Average LUT depth     ; 3.34                        ;
+-----------------------+-----------------------------+


+-------------------------------+
; Elapsed Time Per Partition    ;
+----------------+--------------+
; Partition Name ; Elapsed Time ;
+----------------+--------------+
; Top            ; 00:00:00     ;
+----------------+--------------+


+-------------------------------+
; Analysis & Synthesis Messages ;
+-------------------------------+
Info: *******************************************************************
Info: Running Quartus Prime Analysis & Synthesis
    Info: Version 16.0.0 Build 211 04/27/2016 SJ Standard Edition
    Info: Processing started: Thu Mar 21 16:23:49 2019
Info: Command: quartus_map --read_settings_files=on --write_settings_files=off control -c control
Warning (18236): Number of processors has not been specified which may cause overloading on shared machines.  Set the global assignment NUM_PARALLEL_PROCESSORS in your QSF to an appropriate value for best performance.
Info (20030): Parallel compilation is enabled and will use 4 of the 4 processors detected
Info (12021): Found 2 design units, including 1 entities, in source file /home/student1/vshreeka/coe608/lab4b/register32.vhd
    Info (12022): Found design unit 1: register32-description File: /home/student1/vshreeka/coe608/lab4b/register32.vhd Line: 15
    Info (12023): Found entity 1: register32 File: /home/student1/vshreeka/coe608/lab4b/register32.vhd Line: 6
Info (12021): Found 2 design units, including 1 entities, in source file /home/student1/vshreeka/coe608/lab4b/red.vhd
    Info (12022): Found design unit 1: red-Description File: /home/student1/vshreeka/coe608/lab4b/red.vhd Line: 10
    Info (12023): Found entity 1: red File: /home/student1/vshreeka/coe608/lab4b/red.vhd Line: 4
Info (12021): Found 2 design units, including 1 entities, in source file /home/student1/vshreeka/coe608/lab4b/pc.vhd
    Info (12022): Found design unit 1: pc-description File: /home/student1/vshreeka/coe608/lab4b/pc.vhd Line: 16
    Info (12023): Found entity 1: pc File: /home/student1/vshreeka/coe608/lab4b/pc.vhd Line: 6
Info (12021): Found 2 design units, including 1 entities, in source file /home/student1/vshreeka/coe608/lab4b/or32.vhd
    Info (12022): Found design unit 1: or32-description File: /home/student1/vshreeka/coe608/lab4b/or32.vhd Line: 11
    Info (12023): Found entity 1: or32 File: /home/student1/vshreeka/coe608/lab4b/or32.vhd Line: 5
Info (12021): Found 2 design units, including 1 entities, in source file /home/student1/vshreeka/coe608/lab4b/not32.vhd
    Info (12022): Found design unit 1: not32-description File: /home/student1/vshreeka/coe608/lab4b/not32.vhd Line: 10
    Info (12023): Found entity 1: not32 File: /home/student1/vshreeka/coe608/lab4b/not32.vhd Line: 5
Info (12021): Found 2 design units, including 1 entities, in source file /home/student1/vshreeka/coe608/lab4b/mux_3to1.vhd
    Info (12022): Found design unit 1: mux_3to1-mux_3to1 File: /home/student1/vshreeka/coe608/lab4b/mux_3to1.vhd Line: 11
    Info (12023): Found entity 1: mux_3to1 File: /home/student1/vshreeka/coe608/lab4b/mux_3to1.vhd Line: 5
Info (12021): Found 2 design units, including 1 entities, in source file /home/student1/vshreeka/coe608/lab4b/mux8to1.vhd
    Info (12022): Found design unit 1: mux8to1-description File: /home/student1/vshreeka/coe608/lab4b/mux8to1.vhd Line: 11
    Info (12023): Found entity 1: mux8to1 File: /home/student1/vshreeka/coe608/lab4b/mux8to1.vhd Line: 5
Info (12021): Found 2 design units, including 1 entities, in source file /home/student1/vshreeka/coe608/lab4b/mux2to1.vhd
    Info (12022): Found design unit 1: mux2to1-description File: /home/student1/vshreeka/coe608/lab4b/mux2to1.vhd Line: 11
    Info (12023): Found entity 1: mux2to1 File: /home/student1/vshreeka/coe608/lab4b/mux2to1.vhd Line: 5
Info (12021): Found 2 design units, including 1 entities, in source file /home/student1/vshreeka/coe608/lab4b/lze.vhd
    Info (12022): Found design unit 1: lze-Description File: /home/student1/vshreeka/coe608/lab4b/lze.vhd Line: 10
    Info (12023): Found entity 1: lze File: /home/student1/vshreeka/coe608/lab4b/lze.vhd Line: 4
Info (12021): Found 2 design units, including 1 entities, in source file /home/student1/vshreeka/coe608/lab4b/lab3_b.vhd
    Info (12022): Found design unit 1: lab3_b-behavior File: /home/student1/vshreeka/coe608/lab4b/lab3_b.vhd Line: 26
    Info (12023): Found entity 1: lab3_b File: /home/student1/vshreeka/coe608/lab4b/lab3_b.vhd Line: 9
Info (12021): Found 2 design units, including 1 entities, in source file /home/student1/vshreeka/coe608/lab4b/fulladder.vhd
    Info (12022): Found design unit 1: fulladder-description File: /home/student1/vshreeka/coe608/lab4b/fulladder.vhd Line: 13
    Info (12023): Found entity 1: fulladder File: /home/student1/vshreeka/coe608/lab4b/fulladder.vhd Line: 5
Info (12021): Found 2 design units, including 1 entities, in source file /home/student1/vshreeka/coe608/lab4b/data_mem.vhd
    Info (12022): Found design unit 1: data_mem-Description File: /home/student1/vshreeka/coe608/lab4b/data_mem.vhd Line: 14
    Info (12023): Found entity 1: data_mem File: /home/student1/vshreeka/coe608/lab4b/data_mem.vhd Line: 4
Info (12021): Found 2 design units, including 1 entities, in source file /home/student1/vshreeka/coe608/lab4b/and32.vhd
    Info (12022): Found design unit 1: and32-description File: /home/student1/vshreeka/coe608/lab4b/and32.vhd Line: 11
    Info (12023): Found entity 1: and32 File: /home/student1/vshreeka/coe608/lab4b/and32.vhd Line: 5
Info (12021): Found 2 design units, including 1 entities, in source file /home/student1/vshreeka/coe608/lab4b/alu.vhd
    Info (12022): Found design unit 1: alu-description File: /home/student1/vshreeka/coe608/lab4b/alu.vhd Line: 14
    Info (12023): Found entity 1: alu File: /home/student1/vshreeka/coe608/lab4b/alu.vhd Line: 5
Info (12021): Found 2 design units, including 1 entities, in source file /home/student1/vshreeka/coe608/lab4b/adder32.vhd
    Info (12022): Found design unit 1: adder32-description File: /home/student1/vshreeka/coe608/lab4b/adder32.vhd Line: 13
    Info (12023): Found entity 1: adder32 File: /home/student1/vshreeka/coe608/lab4b/adder32.vhd Line: 5
Info (12021): Found 2 design units, including 1 entities, in source file /home/student1/vshreeka/coe608/lab4b/datapath.vhd
    Info (12022): Found design unit 1: datapath-description File: /home/student1/vshreeka/coe608/lab4b/datapath.vhd Line: 42
    Info (12023): Found entity 1: datapath File: /home/student1/vshreeka/coe608/lab4b/datapath.vhd Line: 6
Info (12021): Found 2 design units, including 1 entities, in source file control.vhd
    Info (12022): Found design unit 1: control-description File: /home/student1/vshreeka/coe608/lab5/control.vhd Line: 22
    Info (12023): Found entity 1: control File: /home/student1/vshreeka/coe608/lab5/control.vhd Line: 3
Info (12021): Found 2 design units, including 1 entities, in source file /home/student1/vshreeka/coe608/lab4b/uze.vhd
    Info (12022): Found design unit 1: uze-Description File: /home/student1/vshreeka/coe608/lab4b/uze.vhd Line: 10
    Info (12023): Found entity 1: uze File: /home/student1/vshreeka/coe608/lab4b/uze.vhd Line: 4
Info (12021): Found 2 design units, including 1 entities, in source file /home/student1/vshreeka/coe608/lab4b/sevenSeg_8bit.vhd
    Info (12022): Found design unit 1: sevenSeg_8bit-behaviour File: /home/student1/vshreeka/coe608/lab4b/sevenSeg_8bit.vhd Line: 29
    Info (12023): Found entity 1: sevenSeg_8bit File: /home/student1/vshreeka/coe608/lab4b/sevenSeg_8bit.vhd Line: 15
Info (12021): Found 2 design units, including 1 entities, in source file /home/student1/vshreeka/coe608/lab4b/ror32.vhd
    Info (12022): Found design unit 1: ror32-description File: /home/student1/vshreeka/coe608/lab4b/ror32.vhd Line: 10
    Info (12023): Found entity 1: ror32 File: /home/student1/vshreeka/coe608/lab4b/ror32.vhd Line: 5
Info (12021): Found 2 design units, including 1 entities, in source file /home/student1/vshreeka/coe608/lab4b/rol32.vhd
    Info (12022): Found design unit 1: rol32-description File: /home/student1/vshreeka/coe608/lab4b/rol32.vhd Line: 10
    Info (12023): Found entity 1: rol32 File: /home/student1/vshreeka/coe608/lab4b/rol32.vhd Line: 5
Info (12127): Elaborating entity "control" for the top level hierarchy
Warning (10631): VHDL Process Statement warning at control.vhd(28): inferring latch(es) for signal or variable "PC_Mux", which holds its previous value in one or more paths through the process File: /home/student1/vshreeka/coe608/lab5/control.vhd Line: 28
Warning (10631): VHDL Process Statement warning at control.vhd(28): inferring latch(es) for signal or variable "IM_MUX1", which holds its previous value in one or more paths through the process File: /home/student1/vshreeka/coe608/lab5/control.vhd Line: 28
Warning (10631): VHDL Process Statement warning at control.vhd(28): inferring latch(es) for signal or variable "REG_Mux", which holds its previous value in one or more paths through the process File: /home/student1/vshreeka/coe608/lab5/control.vhd Line: 28
Warning (10631): VHDL Process Statement warning at control.vhd(28): inferring latch(es) for signal or variable "IM_MUX2", which holds its previous value in one or more paths through the process File: /home/student1/vshreeka/coe608/lab5/control.vhd Line: 28
Warning (10631): VHDL Process Statement warning at control.vhd(28): inferring latch(es) for signal or variable "DATA_Mux", which holds its previous value in one or more paths through the process File: /home/student1/vshreeka/coe608/lab5/control.vhd Line: 28
Warning (10631): VHDL Process Statement warning at control.vhd(28): inferring latch(es) for signal or variable "ALU_op", which holds its previous value in one or more paths through the process File: /home/student1/vshreeka/coe608/lab5/control.vhd Line: 28
Warning (10631): VHDL Process Statement warning at control.vhd(28): inferring latch(es) for signal or variable "clr_IR", which holds its previous value in one or more paths through the process File: /home/student1/vshreeka/coe608/lab5/control.vhd Line: 28
Warning (10631): VHDL Process Statement warning at control.vhd(28): inferring latch(es) for signal or variable "ld_IR", which holds its previous value in one or more paths through the process File: /home/student1/vshreeka/coe608/lab5/control.vhd Line: 28
Warning (10631): VHDL Process Statement warning at control.vhd(28): inferring latch(es) for signal or variable "clr_A", which holds its previous value in one or more paths through the process File: /home/student1/vshreeka/coe608/lab5/control.vhd Line: 28
Warning (10631): VHDL Process Statement warning at control.vhd(28): inferring latch(es) for signal or variable "clr_B", which holds its previous value in one or more paths through the process File: /home/student1/vshreeka/coe608/lab5/control.vhd Line: 28
Warning (10631): VHDL Process Statement warning at control.vhd(28): inferring latch(es) for signal or variable "clr_C", which holds its previous value in one or more paths through the process File: /home/student1/vshreeka/coe608/lab5/control.vhd Line: 28
Warning (10631): VHDL Process Statement warning at control.vhd(28): inferring latch(es) for signal or variable "clr_Z", which holds its previous value in one or more paths through the process File: /home/student1/vshreeka/coe608/lab5/control.vhd Line: 28
Warning (10631): VHDL Process Statement warning at control.vhd(28): inferring latch(es) for signal or variable "ld_A", which holds its previous value in one or more paths through the process File: /home/student1/vshreeka/coe608/lab5/control.vhd Line: 28
Warning (10631): VHDL Process Statement warning at control.vhd(28): inferring latch(es) for signal or variable "ld_B", which holds its previous value in one or more paths through the process File: /home/student1/vshreeka/coe608/lab5/control.vhd Line: 28
Warning (10631): VHDL Process Statement warning at control.vhd(28): inferring latch(es) for signal or variable "ld_C", which holds its previous value in one or more paths through the process File: /home/student1/vshreeka/coe608/lab5/control.vhd Line: 28
Warning (10631): VHDL Process Statement warning at control.vhd(28): inferring latch(es) for signal or variable "ld_Z", which holds its previous value in one or more paths through the process File: /home/student1/vshreeka/coe608/lab5/control.vhd Line: 28
Info (10041): Inferred latch for "ld_Z" at control.vhd(28) File: /home/student1/vshreeka/coe608/lab5/control.vhd Line: 28
Info (10041): Inferred latch for "ld_C" at control.vhd(28) File: /home/student1/vshreeka/coe608/lab5/control.vhd Line: 28
Info (10041): Inferred latch for "ld_B" at control.vhd(28) File: /home/student1/vshreeka/coe608/lab5/control.vhd Line: 28
Info (10041): Inferred latch for "ld_A" at control.vhd(28) File: /home/student1/vshreeka/coe608/lab5/control.vhd Line: 28
Info (10041): Inferred latch for "clr_Z" at control.vhd(28) File: /home/student1/vshreeka/coe608/lab5/control.vhd Line: 28
Info (10041): Inferred latch for "clr_C" at control.vhd(28) File: /home/student1/vshreeka/coe608/lab5/control.vhd Line: 28
Info (10041): Inferred latch for "clr_B" at control.vhd(28) File: /home/student1/vshreeka/coe608/lab5/control.vhd Line: 28
Info (10041): Inferred latch for "clr_A" at control.vhd(28) File: /home/student1/vshreeka/coe608/lab5/control.vhd Line: 28
Info (10041): Inferred latch for "ld_IR" at control.vhd(28) File: /home/student1/vshreeka/coe608/lab5/control.vhd Line: 28
Info (10041): Inferred latch for "clr_IR" at control.vhd(28) File: /home/student1/vshreeka/coe608/lab5/control.vhd Line: 28
Info (10041): Inferred latch for "ALU_op[0]" at control.vhd(28) File: /home/student1/vshreeka/coe608/lab5/control.vhd Line: 28
Info (10041): Inferred latch for "ALU_op[1]" at control.vhd(28) File: /home/student1/vshreeka/coe608/lab5/control.vhd Line: 28
Info (10041): Inferred latch for "ALU_op[2]" at control.vhd(28) File: /home/student1/vshreeka/coe608/lab5/control.vhd Line: 28
Info (10041): Inferred latch for "DATA_Mux[0]" at control.vhd(28) File: /home/student1/vshreeka/coe608/lab5/control.vhd Line: 28
Info (10041): Inferred latch for "DATA_Mux[1]" at control.vhd(28) File: /home/student1/vshreeka/coe608/lab5/control.vhd Line: 28
Info (10041): Inferred latch for "IM_MUX2[0]" at control.vhd(28) File: /home/student1/vshreeka/coe608/lab5/control.vhd Line: 28
Info (10041): Inferred latch for "IM_MUX2[1]" at control.vhd(28) File: /home/student1/vshreeka/coe608/lab5/control.vhd Line: 28
Info (10041): Inferred latch for "REG_Mux" at control.vhd(28) File: /home/student1/vshreeka/coe608/lab5/control.vhd Line: 28
Info (10041): Inferred latch for "IM_MUX1" at control.vhd(28) File: /home/student1/vshreeka/coe608/lab5/control.vhd Line: 28
Info (10041): Inferred latch for "PC_Mux" at control.vhd(28) File: /home/student1/vshreeka/coe608/lab5/control.vhd Line: 28
Warning (13012): Latch PC_Mux$latch has unsafe behavior File: /home/student1/vshreeka/coe608/lab5/control.vhd Line: 28
    Warning (13013): Ports D and ENA on the latch are fed by the same signal INST[24] File: /home/student1/vshreeka/coe608/lab5/control.vhd Line: 8
    Warning (13013): Ports ENA and CLR on the latch are fed by the same signal INST[31] File: /home/student1/vshreeka/coe608/lab5/control.vhd Line: 8
Warning (13012): Latch IM_MUX1$latch has unsafe behavior File: /home/student1/vshreeka/coe608/lab5/control.vhd Line: 28
    Warning (13013): Ports ENA and PRE on the latch are fed by the same signal INST[31] File: /home/student1/vshreeka/coe608/lab5/control.vhd Line: 8
Warning (13012): Latch REG_Mux$latch has unsafe behavior File: /home/student1/vshreeka/coe608/lab5/control.vhd Line: 28
    Warning (13013): Ports D and ENA on the latch are fed by the same signal INST[30] File: /home/student1/vshreeka/coe608/lab5/control.vhd Line: 8
Warning (13012): Latch IM_MUX2[0]$latch has unsafe behavior File: /home/student1/vshreeka/coe608/lab5/control.vhd Line: 28
    Warning (13013): Ports D and ENA on the latch are fed by the same signal INST[31] File: /home/student1/vshreeka/coe608/lab5/control.vhd Line: 8
    Warning (13013): Ports ENA and CLR on the latch are fed by the same signal INST[31] File: /home/student1/vshreeka/coe608/lab5/control.vhd Line: 8
Warning (13012): Latch IM_MUX2[1]$latch has unsafe behavior File: /home/student1/vshreeka/coe608/lab5/control.vhd Line: 28
    Warning (13013): Ports D and ENA on the latch are fed by the same signal INST[31] File: /home/student1/vshreeka/coe608/lab5/control.vhd Line: 8
    Warning (13013): Ports ENA and CLR on the latch are fed by the same signal INST[31] File: /home/student1/vshreeka/coe608/lab5/control.vhd Line: 8
Warning (13012): Latch DATA_Mux[0]$latch has unsafe behavior File: /home/student1/vshreeka/coe608/lab5/control.vhd Line: 28
    Warning (13013): Ports D and ENA on the latch are fed by the same signal INST[30] File: /home/student1/vshreeka/coe608/lab5/control.vhd Line: 8
Warning (13012): Latch DATA_Mux[1]$latch has unsafe behavior File: /home/student1/vshreeka/coe608/lab5/control.vhd Line: 28
    Warning (13013): Ports D and ENA on the latch are fed by the same signal INST[31] File: /home/student1/vshreeka/coe608/lab5/control.vhd Line: 8
    Warning (13013): Ports ENA and PRE on the latch are fed by the same signal INST[31] File: /home/student1/vshreeka/coe608/lab5/control.vhd Line: 8
Warning (13012): Latch ALU_op[0]$latch has unsafe behavior File: /home/student1/vshreeka/coe608/lab5/control.vhd Line: 28
    Warning (13013): Ports D and ENA on the latch are fed by the same signal INST[24] File: /home/student1/vshreeka/coe608/lab5/control.vhd Line: 8
    Warning (13013): Ports ENA and CLR on the latch are fed by the same signal INST[31] File: /home/student1/vshreeka/coe608/lab5/control.vhd Line: 8
Warning (13012): Latch ALU_op[1]$latch has unsafe behavior File: /home/student1/vshreeka/coe608/lab5/control.vhd Line: 28
    Warning (13013): Ports D and ENA on the latch are fed by the same signal INST[24] File: /home/student1/vshreeka/coe608/lab5/control.vhd Line: 8
    Warning (13013): Ports ENA and PRE on the latch are fed by the same signal INST[31] File: /home/student1/vshreeka/coe608/lab5/control.vhd Line: 8
Warning (13012): Latch ALU_op[2]$latch has unsafe behavior File: /home/student1/vshreeka/coe608/lab5/control.vhd Line: 28
    Warning (13013): Ports D and ENA on the latch are fed by the same signal INST[31] File: /home/student1/vshreeka/coe608/lab5/control.vhd Line: 8
    Warning (13013): Ports ENA and CLR on the latch are fed by the same signal INST[31] File: /home/student1/vshreeka/coe608/lab5/control.vhd Line: 8
Warning (13012): Latch ld_IR$latch has unsafe behavior File: /home/student1/vshreeka/coe608/lab5/control.vhd Line: 28
    Warning (13013): Ports D and ENA on the latch are fed by the same signal present_state.state_2 File: /home/student1/vshreeka/coe608/lab5/control.vhd Line: 24
Warning (13012): Latch clr_A$latch has unsafe behavior File: /home/student1/vshreeka/coe608/lab5/control.vhd Line: 28
    Warning (13013): Ports D and ENA on the latch are fed by the same signal INST[24] File: /home/student1/vshreeka/coe608/lab5/control.vhd Line: 8
    Warning (13013): Ports ENA and CLR on the latch are fed by the same signal INST[31] File: /home/student1/vshreeka/coe608/lab5/control.vhd Line: 8
Warning (13012): Latch clr_B$latch has unsafe behavior File: /home/student1/vshreeka/coe608/lab5/control.vhd Line: 28
    Warning (13013): Ports D and ENA on the latch are fed by the same signal INST[24] File: /home/student1/vshreeka/coe608/lab5/control.vhd Line: 8
    Warning (13013): Ports ENA and PRE on the latch are fed by the same signal INST[31] File: /home/student1/vshreeka/coe608/lab5/control.vhd Line: 8
Warning (13012): Latch clr_C$latch has unsafe behavior File: /home/student1/vshreeka/coe608/lab5/control.vhd Line: 28
    Warning (13013): Ports D and ENA on the latch are fed by the same signal INST[24] File: /home/student1/vshreeka/coe608/lab5/control.vhd Line: 8
    Warning (13013): Ports ENA and CLR on the latch are fed by the same signal INST[31] File: /home/student1/vshreeka/coe608/lab5/control.vhd Line: 8
Warning (13012): Latch clr_Z$latch has unsafe behavior File: /home/student1/vshreeka/coe608/lab5/control.vhd Line: 28
    Warning (13013): Ports D and ENA on the latch are fed by the same signal INST[24] File: /home/student1/vshreeka/coe608/lab5/control.vhd Line: 8
    Warning (13013): Ports ENA and CLR on the latch are fed by the same signal INST[31] File: /home/student1/vshreeka/coe608/lab5/control.vhd Line: 8
Warning (13012): Latch ld_A$latch has unsafe behavior File: /home/student1/vshreeka/coe608/lab5/control.vhd Line: 28
    Warning (13013): Ports D and ENA on the latch are fed by the same signal present_state.state_2 File: /home/student1/vshreeka/coe608/lab5/control.vhd Line: 24
Warning (13012): Latch ld_B$latch has unsafe behavior File: /home/student1/vshreeka/coe608/lab5/control.vhd Line: 28
    Warning (13013): Ports D and ENA on the latch are fed by the same signal INST[30] File: /home/student1/vshreeka/coe608/lab5/control.vhd Line: 8
Warning (13012): Latch ld_C$latch has unsafe behavior File: /home/student1/vshreeka/coe608/lab5/control.vhd Line: 28
    Warning (13013): Ports D and ENA on the latch are fed by the same signal INST[31] File: /home/student1/vshreeka/coe608/lab5/control.vhd Line: 8
    Warning (13013): Ports ENA and PRE on the latch are fed by the same signal INST[31] File: /home/student1/vshreeka/coe608/lab5/control.vhd Line: 8
Warning (13012): Latch ld_Z$latch has unsafe behavior File: /home/student1/vshreeka/coe608/lab5/control.vhd Line: 28
    Warning (13013): Ports D and ENA on the latch are fed by the same signal INST[31] File: /home/student1/vshreeka/coe608/lab5/control.vhd Line: 8
    Warning (13013): Ports ENA and PRE on the latch are fed by the same signal INST[31] File: /home/student1/vshreeka/coe608/lab5/control.vhd Line: 8
Warning (13024): Output pins are stuck at VCC or GND
    Warning (13410): Pin "clr_IR" is stuck at GND File: /home/student1/vshreeka/coe608/lab5/control.vhd Line: 14
Info (286030): Timing-Driven Synthesis is running
Info (16010): Generating hard_block partition "hard_block:auto_generated_inst"
    Info (16011): Adding 0 node(s), including 0 DDIO, 0 PLL, 0 transceiver and 0 LCELL
Warning (21074): Design contains 24 input pin(s) that do not drive logic
    Warning (15610): No output dependent on input pin "INST[0]" File: /home/student1/vshreeka/coe608/lab5/control.vhd Line: 8
    Warning (15610): No output dependent on input pin "INST[1]" File: /home/student1/vshreeka/coe608/lab5/control.vhd Line: 8
    Warning (15610): No output dependent on input pin "INST[2]" File: /home/student1/vshreeka/coe608/lab5/control.vhd Line: 8
    Warning (15610): No output dependent on input pin "INST[3]" File: /home/student1/vshreeka/coe608/lab5/control.vhd Line: 8
    Warning (15610): No output dependent on input pin "INST[4]" File: /home/student1/vshreeka/coe608/lab5/control.vhd Line: 8
    Warning (15610): No output dependent on input pin "INST[5]" File: /home/student1/vshreeka/coe608/lab5/control.vhd Line: 8
    Warning (15610): No output dependent on input pin "INST[6]" File: /home/student1/vshreeka/coe608/lab5/control.vhd Line: 8
    Warning (15610): No output dependent on input pin "INST[7]" File: /home/student1/vshreeka/coe608/lab5/control.vhd Line: 8
    Warning (15610): No output dependent on input pin "INST[8]" File: /home/student1/vshreeka/coe608/lab5/control.vhd Line: 8
    Warning (15610): No output dependent on input pin "INST[9]" File: /home/student1/vshreeka/coe608/lab5/control.vhd Line: 8
    Warning (15610): No output dependent on input pin "INST[10]" File: /home/student1/vshreeka/coe608/lab5/control.vhd Line: 8
    Warning (15610): No output dependent on input pin "INST[11]" File: /home/student1/vshreeka/coe608/lab5/control.vhd Line: 8
    Warning (15610): No output dependent on input pin "INST[12]" File: /home/student1/vshreeka/coe608/lab5/control.vhd Line: 8
    Warning (15610): No output dependent on input pin "INST[13]" File: /home/student1/vshreeka/coe608/lab5/control.vhd Line: 8
    Warning (15610): No output dependent on input pin "INST[14]" File: /home/student1/vshreeka/coe608/lab5/control.vhd Line: 8
    Warning (15610): No output dependent on input pin "INST[15]" File: /home/student1/vshreeka/coe608/lab5/control.vhd Line: 8
    Warning (15610): No output dependent on input pin "INST[16]" File: /home/student1/vshreeka/coe608/lab5/control.vhd Line: 8
    Warning (15610): No output dependent on input pin "INST[17]" File: /home/student1/vshreeka/coe608/lab5/control.vhd Line: 8
    Warning (15610): No output dependent on input pin "INST[18]" File: /home/student1/vshreeka/coe608/lab5/control.vhd Line: 8
    Warning (15610): No output dependent on input pin "INST[19]" File: /home/student1/vshreeka/coe608/lab5/control.vhd Line: 8
    Warning (15610): No output dependent on input pin "INST[20]" File: /home/student1/vshreeka/coe608/lab5/control.vhd Line: 8
    Warning (15610): No output dependent on input pin "INST[21]" File: /home/student1/vshreeka/coe608/lab5/control.vhd Line: 8
    Warning (15610): No output dependent on input pin "INST[22]" File: /home/student1/vshreeka/coe608/lab5/control.vhd Line: 8
    Warning (15610): No output dependent on input pin "INST[23]" File: /home/student1/vshreeka/coe608/lab5/control.vhd Line: 8
Info (21057): Implemented 164 device resources after synthesis - the final resource count might be different
    Info (21058): Implemented 37 input pins
    Info (21059): Implemented 27 output pins
    Info (21061): Implemented 100 logic cells
Info: Quartus Prime Analysis & Synthesis was successful. 0 errors, 95 warnings
    Info: Peak virtual memory: 1369 megabytes
    Info: Processing ended: Thu Mar 21 16:24:01 2019
    Info: Elapsed time: 00:00:12
    Info: Total CPU time (on all processors): 00:00:26


