EDA Netlist Writer report for alu3
Wed Nov 29 17:53:19 2017
Quartus II 32-bit Version 13.0.1 Build 232 06/12/2013 Service Pack 1 SJ Full Version


---------------------
; Table of Contents ;
---------------------
  1. Legal Notice
  2. EDA Netlist Writer Summary
  3. EDA Netlist Writer Messages



----------------
; Legal Notice ;
----------------
Copyright (C) 1991-2013 Altera Corporation
Your use of Altera Corporation's design tools, logic functions 
and other software and tools, and its AMPP partner logic 
functions, and any output files from any of the foregoing 
(including device programming or simulation files), and any 
associated documentation or information are expressly subject 
to the terms and conditions of the Altera Program License 
Subscription Agreement, Altera MegaCore Function License 
Agreement, or other applicable license agreement, including, 
without limitation, that your use is for the sole purpose of 
programming logic devices manufactured by Altera and sold by 
Altera or its authorized distributors.  Please refer to the 
applicable agreement for further details.



+---------------------------------------------------------------+
; EDA Netlist Writer Summary                                    ;
+---------------------------+-----------------------------------+
; EDA Netlist Writer Status ; Failed - Wed Nov 29 17:53:19 2017 ;
; Revision Name             ; alu3                              ;
; Top-level Entity Name     ; alu3                              ;
; Family                    ; Cyclone II                        ;
+---------------------------+-----------------------------------+


+-----------------------------+
; EDA Netlist Writer Messages ;
+-----------------------------+
Info: *******************************************************************
Info: Running Quartus II 32-bit EDA Netlist Writer
    Info: Version 13.0.1 Build 232 06/12/2013 Service Pack 1 SJ Full Version
    Info: Processing started: Wed Nov 29 17:53:18 2017
Info: Command: quartus_eda --gen_testbench --check_outputs=on --tool=modelsim_oem --format=verilog alu3 -c alu3 --vector_source=/home/student1/vshreeka/Desktop/lab/alu_2/Waveform1.vwf --testbench_file=./simulation/qsim/alu3.vt
Error (199014): Vector source file /home/student1/vshreeka/Desktop/lab/alu_2/Waveform1.vwf specified with --testbench_vector_input_file option does not exist
Error: Quartus II 32-bit EDA Netlist Writer was unsuccessful. 1 error, 0 warnings
    Error: Peak virtual memory: 320 megabytes
    Error: Processing ended: Wed Nov 29 17:53:19 2017
    Error: Elapsed time: 00:00:01
    Error: Total CPU time (on all processors): 00:00:00


